<?xml version="1.0" encoding="UTF-8"?>
<!-- Generated by org.testng.reporters.JUnitXMLReporter -->
<testsuite ignored="0" hostname="DESKTOP-8OIB6O5" failures="0" tests="2" name="Default test" time="21.858" errors="0" timestamp="2023-03-24T12:13:40 IST">
  <testcase classname="com.Shoppingcart.qa.testCases.RegisterTest" name="TC01_VerfiyNewRegister" time="4.743"/>
  <testcase classname="com.Shoppingcart.qa.testCases.RegisterTest" name="TC01_VerfiyNewRegister" time="4.619"/>
</testsuite> <!-- Default test -->
