<?xml version="1.0" encoding="UTF-8"?>
<testng-results ignored="0" total="2" passed="2" failed="0" skipped="0">
  <reporter-output>
  </reporter-output>
  <suite started-at="2023-03-24T12:51:37 IST" name="Suite" finished-at="2023-03-24T12:52:01 IST" duration-ms="24422">
    <groups>
    </groups>
    <test started-at="2023-03-24T12:51:37 IST" name="Test" finished-at="2023-03-24T12:52:01 IST" duration-ms="24422">
      <class name="com.Shoppingcart.qa.testCases.RegisterTest">
        <test-method is-config="true" signature="loadConfig()[pri:0, instance:com.Shoppingcart.qa.testCases.RegisterTest@4466af20]" started-at="2023-03-24T12:51:37 IST" name="loadConfig" finished-at="2023-03-24T12:51:37 IST" duration-ms="164" status="PASS">
          <reporter-output>
          </reporter-output>
        </test-method> <!-- loadConfig -->
        <test-method is-config="true" signature="setUp()[pri:0, instance:com.Shoppingcart.qa.testCases.RegisterTest@4466af20]" started-at="2023-03-24T12:51:38 IST" name="setUp" finished-at="2023-03-24T12:51:45 IST" duration-ms="6490" status="PASS">
          <reporter-output>
          </reporter-output>
        </test-method> <!-- setUp -->
        <test-method signature="TC01_VerfiyNewRegister(java.util.HashMap)[pri:0, instance:com.Shoppingcart.qa.testCases.RegisterTest@4466af20]" started-at="2023-03-24T12:51:45 IST" name="TC01_VerfiyNewRegister" data-provider="getTestData" finished-at="2023-03-24T12:51:51 IST" duration-ms="6221" status="PASS">
          <params>
            <param index="0">
              <value>
                <![CDATA[{firstname=nandha  , password=Nandha@7, Runmode=Y, telephone=6.36406674E8, confirmpassword=Nandha@7, email=nandhaemail, lastname=kumar  }]]>
              </value>
            </param>
          </params>
          <reporter-output>
          </reporter-output>
        </test-method> <!-- TC01_VerfiyNewRegister -->
        <test-method is-config="true" signature="tearDown()[pri:0, instance:com.Shoppingcart.qa.testCases.RegisterTest@4466af20]" started-at="2023-03-24T12:51:51 IST" name="tearDown" finished-at="2023-03-24T12:51:51 IST" duration-ms="230" status="PASS">
          <reporter-output>
          </reporter-output>
        </test-method> <!-- tearDown -->
        <test-method is-config="true" signature="setUp()[pri:0, instance:com.Shoppingcart.qa.testCases.RegisterTest@4466af20]" started-at="2023-03-24T12:51:51 IST" name="setUp" finished-at="2023-03-24T12:51:55 IST" duration-ms="4189" status="PASS">
          <reporter-output>
          </reporter-output>
        </test-method> <!-- setUp -->
        <test-method signature="TC01_VerfiyNewRegister(java.util.HashMap)[pri:0, instance:com.Shoppingcart.qa.testCases.RegisterTest@4466af20]" started-at="2023-03-24T12:51:55 IST" name="TC01_VerfiyNewRegister" data-provider="getTestData" finished-at="2023-03-24T12:52:01 IST" duration-ms="5578" status="PASS">
          <params>
            <param index="0">
              <value>
                <![CDATA[{firstname=naveen, password=Naveen@7, Runmode=Y, telephone=9.626143229E9, confirmpassword=Naveen@7, email=naveenemail, lastname=kumar}]]>
              </value>
            </param>
          </params>
          <reporter-output>
          </reporter-output>
        </test-method> <!-- TC01_VerfiyNewRegister -->
        <test-method is-config="true" signature="tearDown()[pri:0, instance:com.Shoppingcart.qa.testCases.RegisterTest@4466af20]" started-at="2023-03-24T12:52:01 IST" name="tearDown" finished-at="2023-03-24T12:52:01 IST" duration-ms="240" status="PASS">
          <reporter-output>
          </reporter-output>
        </test-method> <!-- tearDown -->
      </class> <!-- com.Shoppingcart.qa.testCases.RegisterTest -->
    </test> <!-- Test -->
  </suite> <!-- Suite -->
</testng-results>
