<?xml version="1.0" encoding="UTF-8"?>
<testsuite xmlns:xsi="http://www.w3.org/2001/XMLSchema-instance" xsi:noNamespaceSchemaLocation="https://maven.apache.org/surefire/maven-surefire-plugin/xsd/surefire-test-report-3.0.xsd" version="3.0" name="TestSuite" time="26.648" tests="2" errors="0" skipped="0" failures="0">
  <properties>
[...]
</properties>
  <testcase name="TC01_VerfiyNewRegister[{firstname=nandha  , password=Nandha@7, Runmode=Y, telephone=6.36406674E8, confirmpassword=Nandha@7, email=nandhaemail, lastname=kumar  }](1)" classname="com.Shoppingcart.qa.testCases.RegisterTest" time="6.243">
    <system-out><![CDATA[log4j: reset attribute= "false".
log4j: Threshold ="null".
log4j: Level value for root is  [debug].
log4j: root level set to DEBUG
log4j: Class name: [org.apache.log4j.ConsoleAppender]
log4j: Setting property [target] to [System.out].
log4j: Parsing layout of class: "org.apache.log4j.PatternLayout"
log4j: Setting property [conversionPattern] to [%d{yyyy-MM-dd HH:mm:ss} %-5p %c{1}:%L - %m%n].
log4j: Adding appender named [console] to category [root].
log4j: Class name: [org.apache.log4j.RollingFileAppender]
log4j: Setting property [file] to [Logs/log4j.log].
log4j: Parsing layout of class: "org.apache.log4j.PatternLayout"
log4j: Setting property [conversionPattern] to [%d{yyyy-MM-dd HH:mm:ss} %-5p %c{1}:%L - %m%n].
log4j: setFile called: Logs/log4j.log, true
log4j: setFile ended
log4j: Adding appender named [fileAppender] to category [root].
2023-03-24 12:51:39 DEBUG InternalLoggerFactory:89 - Using Log4J as the default logging framework
2023-03-24 12:51:39 DEBUG ResourceLeakDetector:129 - -Dio.netty.leakDetection.level: simple
2023-03-24 12:51:39 DEBUG ResourceLeakDetector:130 - -Dio.netty.leakDetection.targetRecords: 4
2023-03-24 12:51:39 DEBUG ResourceLeakDetectorFactory:196 - Loaded default ResourceLeakDetector: io.netty.util.ResourceLeakDetector@6974a715
2023-03-24 12:51:40 DEBUG PlatformDependent0:496 - -Dio.netty.noUnsafe: false
2023-03-24 12:51:40 DEBUG PlatformDependent0:1000 - Java version: 17
2023-03-24 12:51:40 DEBUG PlatformDependent0:137 - sun.misc.Unsafe.theUnsafe: available
2023-03-24 12:51:40 DEBUG PlatformDependent0:161 - sun.misc.Unsafe.copyMemory: available
2023-03-24 12:51:40 DEBUG PlatformDependent0:193 - sun.misc.Unsafe.storeFence: available
2023-03-24 12:51:40 DEBUG PlatformDependent0:236 - java.nio.Buffer.address: available
2023-03-24 12:51:40 DEBUG PlatformDependent0:320 - direct buffer constructor: unavailable: Reflective setAccessible(true) disabled
2023-03-24 12:51:40 DEBUG PlatformDependent0:385 - java.nio.Bits.unaligned: available, true
2023-03-24 12:51:40 DEBUG PlatformDependent0:452 - jdk.internal.misc.Unsafe.allocateUninitializedArray(int): unavailable: class io.netty.util.internal.PlatformDependent0$7 cannot access class jdk.internal.misc.Unsafe (in module java.base) because module java.base does not export jdk.internal.misc to unnamed module @30b7c004
2023-03-24 12:51:40 DEBUG PlatformDependent0:482 - java.nio.DirectByteBuffer.<init>(long, int): unavailable
2023-03-24 12:51:40 DEBUG PlatformDependent:1159 - sun.misc.Unsafe: available
2023-03-24 12:51:40 DEBUG PlatformDependent:1270 - maxDirectMemory: 2092957696 bytes (maybe)
2023-03-24 12:51:40 DEBUG PlatformDependent:1289 - -Dio.netty.tmpdir: C:\Users\SARATH~1\AppData\Local\Temp (java.io.tmpdir)
2023-03-24 12:51:40 DEBUG PlatformDependent:1368 - -Dio.netty.bitMode: 64 (sun.arch.data.model)
2023-03-24 12:51:40 DEBUG PlatformDependent:1119 - Platform: Windows
2023-03-24 12:51:40 DEBUG PlatformDependent:178 - -Dio.netty.maxDirectMemory: -1 bytes
2023-03-24 12:51:40 DEBUG PlatformDependent:185 - -Dio.netty.uninitializedArrayAllocationThreshold: -1
2023-03-24 12:51:40 DEBUG CleanerJava9:71 - java.nio.ByteBuffer.cleaner(): available
2023-03-24 12:51:40 DEBUG PlatformDependent:205 - -Dio.netty.noPreferDirect: false
2023-03-24 12:51:40 DEBUG PlatformDependent:1010 - org.jctools-core.MpscChunkedArrayQueue: available
2023-03-24 12:51:40 DEBUG InternalThreadLocalMap:100 - -Dio.netty.threadLocalMap.stringBuilder.initialSize: 1024
2023-03-24 12:51:40 DEBUG InternalThreadLocalMap:101 - -Dio.netty.threadLocalMap.stringBuilder.maxSize: 4096
2023-03-24 12:51:40 DEBUG JdkSslContext:83 - Default protocols (JDK): [TLSv1.3, TLSv1.2] 
2023-03-24 12:51:40 DEBUG JdkSslContext:84 - Default cipher suites (JDK): [TLS_ECDHE_ECDSA_WITH_AES_256_GCM_SHA384, TLS_ECDHE_ECDSA_WITH_AES_128_GCM_SHA256, TLS_ECDHE_RSA_WITH_AES_128_GCM_SHA256, TLS_ECDHE_RSA_WITH_AES_256_GCM_SHA384, TLS_ECDHE_RSA_WITH_AES_128_CBC_SHA, TLS_ECDHE_RSA_WITH_AES_256_CBC_SHA, TLS_RSA_WITH_AES_128_GCM_SHA256, TLS_RSA_WITH_AES_128_CBC_SHA, TLS_RSA_WITH_AES_256_CBC_SHA, TLS_AES_128_GCM_SHA256, TLS_AES_256_GCM_SHA384]
2023-03-24 12:51:40 DEBUG MultithreadEventLoopGroup:44 - -Dio.netty.eventLoopThreads: 16
2023-03-24 12:51:40 DEBUG NioEventLoop:110 - -Dio.netty.noKeySetOptimization: false
2023-03-24 12:51:40 DEBUG NioEventLoop:111 - -Dio.netty.selectorAutoRebuildThreshold: 512
2023-03-24 12:51:40 DEBUG PooledByteBufAllocator:157 - -Dio.netty.allocator.numHeapArenas: 16
2023-03-24 12:51:40 DEBUG PooledByteBufAllocator:158 - -Dio.netty.allocator.numDirectArenas: 16
2023-03-24 12:51:40 DEBUG PooledByteBufAllocator:160 - -Dio.netty.allocator.pageSize: 8192
2023-03-24 12:51:40 DEBUG PooledByteBufAllocator:165 - -Dio.netty.allocator.maxOrder: 9
2023-03-24 12:51:40 DEBUG PooledByteBufAllocator:169 - -Dio.netty.allocator.chunkSize: 4194304
2023-03-24 12:51:40 DEBUG PooledByteBufAllocator:170 - -Dio.netty.allocator.smallCacheSize: 256
2023-03-24 12:51:40 DEBUG PooledByteBufAllocator:171 - -Dio.netty.allocator.normalCacheSize: 64
2023-03-24 12:51:40 DEBUG PooledByteBufAllocator:172 - -Dio.netty.allocator.maxCachedBufferCapacity: 32768
2023-03-24 12:51:40 DEBUG PooledByteBufAllocator:173 - -Dio.netty.allocator.cacheTrimInterval: 8192
2023-03-24 12:51:40 DEBUG PooledByteBufAllocator:174 - -Dio.netty.allocator.cacheTrimIntervalMillis: 0
2023-03-24 12:51:40 DEBUG PooledByteBufAllocator:175 - -Dio.netty.allocator.useCacheForAllThreads: false
2023-03-24 12:51:40 DEBUG PooledByteBufAllocator:176 - -Dio.netty.allocator.maxCachedByteBuffersPerChunk: 1023
2023-03-24 12:51:40 DEBUG ByteBufUtil:87 - -Dio.netty.allocator.type: pooled
2023-03-24 12:51:40 DEBUG ByteBufUtil:96 - -Dio.netty.threadLocalDirectBufferSize: 0
2023-03-24 12:51:40 DEBUG ByteBufUtil:99 - -Dio.netty.maxThreadLocalCharBufferSize: 16384
2023-03-24 12:51:41 DEBUG DefaultChannelId:79 - -Dio.netty.processId: 6420 (auto-detected)
2023-03-24 12:51:41 DEBUG NetUtil:142 - -Djava.net.preferIPv4Stack: false
2023-03-24 12:51:41 DEBUG NetUtil:143 - -Djava.net.preferIPv6Addresses: false
2023-03-24 12:51:41 DEBUG NetUtilInitializations:139 - Loopback interface: lo (Software Loopback Interface 1, 127.0.0.1)
2023-03-24 12:51:41 DEBUG NetUtil:200 - Failed to get SOMAXCONN from sysctl and file \proc\sys\net\core\somaxconn. Default: 200
2023-03-24 12:51:41 DEBUG DefaultChannelId:101 - -Dio.netty.machineId: 34:cf:f6:ff:fe:d5:fe:2b (auto-detected)
2023-03-24 12:51:41 DEBUG AbstractByteBuf:63 - -Dio.netty.buffer.checkAccessible: true
2023-03-24 12:51:41 DEBUG AbstractByteBuf:64 - -Dio.netty.buffer.checkBounds: true
2023-03-24 12:51:41 DEBUG ResourceLeakDetectorFactory:196 - Loaded default ResourceLeakDetector: io.netty.util.ResourceLeakDetector@7cf4985d
2023-03-24 12:51:41 DEBUG Recycler:85 - -Dio.netty.recycler.maxCapacityPerThread: 4096
2023-03-24 12:51:41 DEBUG Recycler:86 - -Dio.netty.recycler.ratio: 8
2023-03-24 12:51:41 DEBUG Recycler:87 - -Dio.netty.recycler.chunkSize: 32
2023-03-24 12:51:41 DEBUG Recycler:88 - -Dio.netty.recycler.blocking: false
2023-03-24 12:51:42 DEBUG Brotli:38 - brotli4j not in the classpath; Brotli support will be unavailable.
2023-03-24 12:51:42 DEBUG ThreadLocalRandom:214 - -Dio.netty.initialSeedUniquifier: 0x1674cbb719cac186
2023-03-24 12:51:45 INFO  Log:11 - =====================================TC01_VerfiyNewRegister TEST START=========================================
2023-03-24 12:51:50 INFO  Log:22 - New account created successfully
2023-03-24 12:51:51 INFO  Log:15 - =====================================TC01_VerfiyNewRegister TEST END=========================================
]]></system-out>
    <system-err><![CDATA[SLF4J: Failed to load class "org.slf4j.impl.StaticLoggerBinder".
SLF4J: Defaulting to no-operation (NOP) logger implementation
SLF4J: See http://www.slf4j.org/codes.html#StaticLoggerBinder for further details.
Starting ChromeDriver 111.0.5563.64 (c710e93d5b63b7095afe8c2c17df34408078439d-refs/branch-heads/5563@{#995}) on port 44425
Only local connections are allowed.
Please see https://chromedriver.chromium.org/security-considerations for suggestions on keeping ChromeDriver safe.
ChromeDriver was started successfully.
Mar 24, 2023 12:51:43 PM org.openqa.selenium.devtools.CdpVersionFinder findNearestMatch
WARNING: Unable to find an exact match for CDP version 111, so returning the closest version found: 109
]]></system-err>
  </testcase>
  <testcase name="TC01_VerfiyNewRegister[{firstname=naveen, password=Naveen@7, Runmode=Y, telephone=9.626143229E9, confirmpassword=Naveen@7, email=naveenemail, lastname=kumar}](2)" classname="com.Shoppingcart.qa.testCases.RegisterTest" time="5.579">
    <system-out><![CDATA[2023-03-24 12:51:55 INFO  Log:11 - =====================================TC01_VerfiyNewRegister TEST START=========================================
2023-03-24 12:52:00 INFO  Log:22 - New account created successfully
2023-03-24 12:52:01 INFO  Log:15 - =====================================TC01_VerfiyNewRegister TEST END=========================================
]]></system-out>
    <system-err><![CDATA[Mar 24, 2023 12:51:51 PM org.openqa.selenium.remote.http.WebSocket$Listener onError
WARNING: Connection reset
java.net.SocketException: Connection reset
	at java.base/sun.nio.ch.SocketChannelImpl.throwConnectionReset(SocketChannelImpl.java:394)
	at java.base/sun.nio.ch.SocketChannelImpl.read(SocketChannelImpl.java:426)
	at io.netty.buffer.PooledByteBuf.setBytes(PooledByteBuf.java:259)
	at io.netty.buffer.AbstractByteBuf.writeBytes(AbstractByteBuf.java:1132)
	at io.netty.channel.socket.nio.NioSocketChannel.doReadBytes(NioSocketChannel.java:357)
	at io.netty.channel.nio.AbstractNioByteChannel$NioByteUnsafe.read(AbstractNioByteChannel.java:151)
	at io.netty.channel.nio.NioEventLoop.processSelectedKey(NioEventLoop.java:788)
	at io.netty.channel.nio.NioEventLoop.processSelectedKeysOptimized(NioEventLoop.java:724)
	at io.netty.channel.nio.NioEventLoop.processSelectedKeys(NioEventLoop.java:650)
	at io.netty.channel.nio.NioEventLoop.run(NioEventLoop.java:562)
	at io.netty.util.concurrent.SingleThreadEventExecutor$4.run(SingleThreadEventExecutor.java:997)
	at io.netty.util.internal.ThreadExecutorMap$2.run(ThreadExecutorMap.java:74)
	at io.netty.util.concurrent.FastThreadLocalRunnable.run(FastThreadLocalRunnable.java:30)
	at java.base/java.lang.Thread.run(Thread.java:833)

Starting ChromeDriver 111.0.5563.64 (c710e93d5b63b7095afe8c2c17df34408078439d-refs/branch-heads/5563@{#995}) on port 2900
Only local connections are allowed.
Please see https://chromedriver.chromium.org/security-considerations for suggestions on keeping ChromeDriver safe.
ChromeDriver was started successfully.
Mar 24, 2023 12:51:53 PM org.openqa.selenium.devtools.CdpVersionFinder findNearestMatch
WARNING: Unable to find an exact match for CDP version 111, so returning the closest version found: 109
]]></system-err>
  </testcase>
</testsuite>